--------------------------------------------------------------------------------
Release 14.7 Trace  (nt64)
Copyright (c) 1995-2013 Xilinx, Inc.  All rights reserved.

D:\Xilinx_ISE\14.7\ISE_DS\ISE\bin\nt64\unwrapped\trce.exe -intstyle ise -v 3 -s
5 -n 3 -fastpaths -xml lab2.twx lab2.ncd -o lab2.twr lab2.pcf -ucf
Basys2_Lab2.ucf

Design file:              lab2.ncd
Physical constraint file: lab2.pcf
Device,package,speed:     xc3s100e,cp132,-5 (PRODUCTION 1.27 2013-10-13)
Report level:             verbose report

Environment Variable      Effect 
--------------------      ------ 
NONE                      No environment variables were set
--------------------------------------------------------------------------------

INFO:Timing:2698 - No timing constraints found, doing default enumeration.
INFO:Timing:3412 - To improve timing, see the Timing Closure User Guide (UG612).
INFO:Timing:2752 - To get complete path coverage, use the unconstrained paths 
   option. All paths that are not constrained will be reported in the 
   unconstrained paths section(s) of the report.
INFO:Timing:3339 - The clock-to-out numbers in this timing report are based on 
   a 50 Ohm transmission line loading model.  For the details of this model, 
   and for more information on accounting for different loading conditions, 
   please see the device datasheet.
INFO:Timing:3390 - This architecture does not support a default System Jitter 
   value, please add SYSTEM_JITTER constraint to the UCF to modify the Clock 
   Uncertainty calculation.
INFO:Timing:3389 - This architecture does not support 'Discrete Jitter' and 
   'Phase Error' calculations, these terms will be zero in the Clock 
   Uncertainty calculation.  Please make appropriate modification to 
   SYSTEM_JITTER to account for the unsupported Discrete Jitter and Phase 
   Error.



Data Sheet report:
-----------------
All values displayed in nanoseconds (ns)

Clock to Setup on destination clock mclk
---------------+---------+---------+---------+---------+
               | Src:Rise| Src:Fall| Src:Rise| Src:Fall|
Source Clock   |Dest:Rise|Dest:Rise|Dest:Fall|Dest:Fall|
---------------+---------+---------+---------+---------+
mclk           |    3.335|         |         |         |
---------------+---------+---------+---------+---------+

Pad to Pad
---------------+---------------+---------+
Source Pad     |Destination Pad|  Delay  |
---------------+---------------+---------+
SW<0>          |SEG<0>         |   13.373|
SW<0>          |SEG<1>         |   13.391|
SW<0>          |SEG<2>         |   13.385|
SW<0>          |SEG<3>         |   12.989|
SW<0>          |SEG<4>         |   13.533|
SW<0>          |SEG<5>         |   13.094|
SW<0>          |SEG<6>         |   13.500|
SW<1>          |SEG<0>         |   13.535|
SW<1>          |SEG<1>         |   13.553|
SW<1>          |SEG<2>         |   13.547|
SW<1>          |SEG<3>         |   13.151|
SW<1>          |SEG<4>         |   13.695|
SW<1>          |SEG<5>         |   13.256|
SW<1>          |SEG<6>         |   13.662|
SW<2>          |SEG<0>         |   13.216|
SW<2>          |SEG<1>         |   13.234|
SW<2>          |SEG<2>         |   13.228|
SW<2>          |SEG<3>         |   12.832|
SW<2>          |SEG<4>         |   13.376|
SW<2>          |SEG<5>         |   12.937|
SW<2>          |SEG<6>         |   13.343|
SW<3>          |SEG<0>         |   13.950|
SW<3>          |SEG<1>         |   13.968|
SW<3>          |SEG<2>         |   13.962|
SW<3>          |SEG<3>         |   13.566|
SW<3>          |SEG<4>         |   14.110|
SW<3>          |SEG<5>         |   13.671|
SW<3>          |SEG<6>         |   14.077|
SW<4>          |SEG<0>         |   12.658|
SW<4>          |SEG<1>         |   12.676|
SW<4>          |SEG<2>         |   12.670|
SW<4>          |SEG<3>         |   12.274|
SW<4>          |SEG<4>         |   12.818|
SW<4>          |SEG<5>         |   12.379|
SW<4>          |SEG<6>         |   12.785|
SW<5>          |SEG<0>         |   12.770|
SW<5>          |SEG<1>         |   12.788|
SW<5>          |SEG<2>         |   12.782|
SW<5>          |SEG<3>         |   12.386|
SW<5>          |SEG<4>         |   12.930|
SW<5>          |SEG<5>         |   12.491|
SW<5>          |SEG<6>         |   12.897|
SW<6>          |SEG<0>         |   12.786|
SW<6>          |SEG<1>         |   12.804|
SW<6>          |SEG<2>         |   12.798|
SW<6>          |SEG<3>         |   12.402|
SW<6>          |SEG<4>         |   12.946|
SW<6>          |SEG<5>         |   12.507|
SW<6>          |SEG<6>         |   12.913|
SW<7>          |SEG<0>         |   12.775|
SW<7>          |SEG<1>         |   12.793|
SW<7>          |SEG<2>         |   12.787|
SW<7>          |SEG<3>         |   12.391|
SW<7>          |SEG<4>         |   12.935|
SW<7>          |SEG<5>         |   12.496|
SW<7>          |SEG<6>         |   12.902|
---------------+---------------+---------+


Analysis completed Thu May 10 01:03:02 2018 
--------------------------------------------------------------------------------

Trace Settings:
-------------------------
Trace Settings 

Peak Memory Usage: 207 MB



