--------------------------------------------------------------------------------
Release 14.7 Trace  (nt64)
Copyright (c) 1995-2013 Xilinx, Inc.  All rights reserved.

D:\Xilinx_ISE\14.7\ISE_DS\ISE\bin\nt64\unwrapped\trce.exe -intstyle ise -v 3 -s
5 -n 3 -fastpaths -xml lab1.twx lab1.ncd -o lab1.twr lab1.pcf -ucf
Basys2_Lab1.ucf -ucf lab1.ucf

Design file:              lab1.ncd
Physical constraint file: lab1.pcf
Device,package,speed:     xc3s100e,cp132,-5 (PRODUCTION 1.27 2013-10-13)
Report level:             verbose report

Environment Variable      Effect 
--------------------      ------ 
NONE                      No environment variables were set
--------------------------------------------------------------------------------

INFO:Timing:2698 - No timing constraints found, doing default enumeration.
INFO:Timing:3412 - To improve timing, see the Timing Closure User Guide (UG612).
INFO:Timing:2752 - To get complete path coverage, use the unconstrained paths 
   option. All paths that are not constrained will be reported in the 
   unconstrained paths section(s) of the report.
INFO:Timing:3339 - The clock-to-out numbers in this timing report are based on 
   a 50 Ohm transmission line loading model.  For the details of this model, 
   and for more information on accounting for different loading conditions, 
   please see the device datasheet.
INFO:Timing:3390 - This architecture does not support a default System Jitter 
   value, please add SYSTEM_JITTER constraint to the UCF to modify the Clock 
   Uncertainty calculation.
INFO:Timing:3389 - This architecture does not support 'Discrete Jitter' and 
   'Phase Error' calculations, these terms will be zero in the Clock 
   Uncertainty calculation.  Please make appropriate modification to 
   SYSTEM_JITTER to account for the unsupported Discrete Jitter and Phase 
   Error.



Data Sheet report:
-----------------
All values displayed in nanoseconds (ns)

Pad to Pad
---------------+---------------+---------+
Source Pad     |Destination Pad|  Delay  |
---------------+---------------+---------+
SW<0>          |LD<0>          |    4.852|
SW<1>          |LD<1>          |    7.256|
SW<1>          |LD<2>          |    6.909|
SW<1>          |LD<3>          |    7.467|
SW<1>          |LD<4>          |    9.144|
SW<1>          |LD<5>          |   10.912|
SW<1>          |LD<6>          |   11.019|
SW<1>          |LD<7>          |   10.532|
SW<2>          |LD<2>          |    7.560|
SW<2>          |LD<3>          |    8.071|
SW<2>          |LD<4>          |    9.157|
SW<2>          |LD<5>          |   10.740|
SW<2>          |LD<6>          |   11.032|
SW<2>          |LD<7>          |   10.385|
SW<3>          |LD<3>          |    7.718|
SW<3>          |LD<4>          |    8.804|
SW<3>          |LD<5>          |   10.502|
SW<3>          |LD<6>          |   10.679|
SW<3>          |LD<7>          |   10.122|
SW<4>          |LD<1>          |    7.087|
SW<4>          |LD<2>          |    6.885|
SW<4>          |LD<3>          |    7.537|
SW<4>          |LD<4>          |    8.701|
SW<4>          |LD<5>          |   10.469|
SW<4>          |LD<6>          |   10.576|
SW<4>          |LD<7>          |   10.089|
SW<5>          |LD<2>          |    7.017|
SW<5>          |LD<3>          |    7.586|
SW<5>          |LD<4>          |    8.800|
SW<5>          |LD<5>          |   10.568|
SW<5>          |LD<6>          |   10.675|
SW<5>          |LD<7>          |   10.188|
SW<6>          |LD<3>          |    7.246|
SW<6>          |LD<4>          |    7.552|
SW<6>          |LD<5>          |    9.063|
SW<6>          |LD<6>          |    9.427|
SW<6>          |LD<7>          |    8.780|
SW<7>          |LD<4>          |    6.849|
SW<7>          |LD<5>          |    7.508|
SW<7>          |LD<6>          |    8.724|
SW<7>          |LD<7>          |    7.820|
---------------+---------------+---------+


Analysis completed Wed May 09 23:32:29 2018 
--------------------------------------------------------------------------------

Trace Settings:
-------------------------
Trace Settings 

Peak Memory Usage: 208 MB



